20 20
41
16 3
3 15
1 1 1 1 1 1 1 1 1 1 1 1 1 1 1 1 1 1 1 1 
1 0 0 0 0 1 0 0 0 0 1 1 0 0 0 1 0 0 0 1 
1 0 1 0 0 1 1 0 1 0 0 1 1 1 0 0 0 1 1 1 
1 1 0 1 0 0 0 0 1 1 0 0 1 0 0 1 0 0 0 1 
1 1 0 1 1 1 1 1 1 1 1 0 1 0 1 1 1 1 0 1 
1 0 0 0 0 0 0 1 0 1 0 0 1 0 0 0 0 1 0 1 
1 0 1 1 0 1 0 1 0 1 0 1 1 0 1 0 1 0 0 1 
1 0 0 0 1 1 0 1 0 0 0 0 1 0 1 1 1 0 1 1 
1 1 0 0 1 0 0 1 0 1 0 0 1 1 1 0 0 0 0 1 
1 1 1 0 1 1 0 0 0 1 1 0 0 0 1 1 0 1 0 1 
1 0 0 0 0 1 1 1 1 1 1 1 1 0 0 0 0 0 0 1 
1 0 1 1 0 0 0 1 1 0 0 0 1 1 1 1 1 1 0 1 
1 0 0 1 1 1 0 0 0 0 1 0 0 0 0 0 0 0 0 1 
1 1 0 0 0 0 1 0 1 0 1 1 0 0 0 1 1 1 1 1 
1 1 1 0 1 1 0 0 0 0 0 1 1 1 0 1 0 1 0 1 
1 0 0 0 0 1 1 1 1 1 0 0 1 1 0 0 0 0 0 1 
1 0 1 1 1 1 0 0 1 1 1 0 0 1 1 1 0 1 0 1 
1 0 1 0 0 0 0 1 1 0 1 1 0 0 1 0 0 0 0 1 
1 0 0 0 1 1 0 0 0 0 0 0 1 0 0 0 1 1 0 1 
1 1 1 1 1 1 1 1 1 1 1 1 1 1 1 1 1 1 1 1 
