()
()
()
-1
()
()
-1
-1
-1
()
()
()
(871)
(871)
(871)
(871)
1
(871,721)
(871,721)
871
6
6
613
(613,415,415,871,721,721)
6
6
6
(613,359,415,415,871,721,721)
(359,415,415,871,721,721,613)
(359,415,415,871,721,721,613)
(871,613,721,721,653,613,415,415,359)
359
(871,613,721,721,653,613,415,415,359)
9
-1
(871,613,721,721,653,613,415,415,359)
(871,613,721,721,653,613,415,415,359)
(721,721,653,613,415,415,359,871,613)
613
613
(415,359,871,613,721,721,653,613,415)
(689,360,415,359,871,613,721,721,613,415)
359
10
(613,721,721,613,871,359,415,360,689,415)
(613,721,871,359,415,360)
-1
(613,721,871,359,415,360)
-1
(613,721,871,415,360)
(648,613,721,871,415,360)
(648,613,721,871,415,360)
()
()
1
(953)
(953)
1
(298,953)
(298,953)
2
(953,298)
3
3
(298,953)
(953,298,953)
3
(953,953,953)
3
(953,953,953)
3
